<?xml version="1.0" encoding="UTF-8"?>
<testng-results ignored="0" total="1" passed="1" failed="0" skipped="0">
  <reporter-output>
  </reporter-output>
  <suite started-at="2026-06-16T20:42:11 IST" name="Suite" finished-at="2026-06-16T20:42:49 IST" duration-ms="37467">
    <groups>
    </groups>
    <test started-at="2026-06-16T20:42:11 IST" name="Test" finished-at="2026-06-16T20:42:49 IST" duration-ms="37467">
      <class name="Applications.Citi_170589">
        <test-method is-config="true" signature="goTo()[pri:0, instance:Applications.Citi_170589@3b07a0d6]" started-at="2026-06-16T20:42:11 IST" name="goTo" finished-at="2026-06-16T20:42:45 IST" duration-ms="33828" status="PASS">
          <reporter-output>
          </reporter-output>
        </test-method> <!-- goTo -->
        <test-method signature="Appaian_001()[pri:0, instance:Applications.Citi_170589@3b07a0d6]" started-at="2026-06-16T20:42:45 IST" name="Appaian_001" finished-at="2026-06-16T20:42:48 IST" duration-ms="2813" status="PASS">
          <reporter-output>
          </reporter-output>
        </test-method> <!-- Appaian_001 -->
        <test-method is-config="true" signature="tearDown()[pri:0, instance:Applications.Citi_170589@3b07a0d6]" started-at="2026-06-16T20:42:48 IST" name="tearDown" finished-at="2026-06-16T20:42:49 IST" duration-ms="769" status="PASS">
          <reporter-output>
          </reporter-output>
        </test-method> <!-- tearDown -->
      </class> <!-- Applications.Citi_170589 -->
    </test> <!-- Test -->
  </suite> <!-- Suite -->
</testng-results>
